1618889068500	geckodriver	INFO	Listening on 127.0.0.1:60073
1618889907416	geckodriver	INFO	Listening on 127.0.0.1:50079
1618890412172	geckodriver	INFO	Listening on 127.0.0.1:51018
1618890646242	geckodriver	INFO	Listening on 127.0.0.1:51202
1618890649300	mozrunner::runner	INFO	Running command: "C:\\Program Files\\Mozilla Firefox\\firefox.exe" "--marionette" "-headless" "-foreground" "-no-remote" "-profile" "C:\\Users\\mattw\\AppData\\Local\\Temp\\rust_mozprofile0Dp4WX"
*** You are running in headless mode.
1618890649677	Marionette	INFO	Marionette enabled
console.warn: SearchSettings: "get: No settings file exists, new profile?" (new Error("", "(unknown module)"))
1618890651109	Marionette	INFO	Listening on port 51211
1618890651355	Marionette	WARN	TLS certificate errors will be ignored for this session
1618890652190	Marionette	WARN	Ignoring event 'DOMContentLoaded' because document has an invalid readyState of 'complete'.
JavaScript error: , line 0: NS_ERROR_NOT_AVAILABLE

###!!! [Parent][RunMessage] Error: Channel closing: too late to send/recv, messages will be lost


###!!! [Parent][RunMessage] Error: Channel closing: too late to send/recv, messages will be lost

\Local\\Temp\\rust_mozprofileq9iKVl"
*** You are running in headless mode.
1618890677487	Marionette	INFO	Marionette enabled
console.warn: SearchSettings: "get: No settings file exists, new profile?" (new Error("", "(unknown module)"))
1618890678939	Marionette	INFO	Listening on port 51295
1618890679120	Marionette	WARN	TLS certificate errors will be ignored for this session
1618890680460	Marionette	WARN	Ignoring event 'DOMContentLoaded' because document has an invalid readyState of 'complete'.

###!!! [Parent][RunMessage] Error: Channel closing: too late to send/recv, messages will be lost


###!!! [Parent][RunMessage] Error: Channel closing: too late to send/recv, messages will be lost

JavaScript error: , line 0: NS_ERROR_NOT_AVAILABLE

###!!! [Parent][RunMessage] Error: Channel closing: too late to send/recv, messages will be lost


###!!! [Parent][RunMessage] Error: Channel closing: too late to send/recv, messages will be lost


###!!! [Parent][RunMessage] Error: Channel closing: too late to send/recv, messages will be lost

w Error("", "(unknown module)"))
1618890968555	Marionette	INFO	Listening on port 60314
1618890968901	Marionette	WARN	TLS certificate errors will be ignored for this session
JavaScript error: , line 0: NS_ERROR_NOT_AVAILABLE
1:60372
1618890996365	mozrunner::runner	INFO	Running command: "C:\\Program Files\\Mozilla Firefox\\firefox.exe" "--marionette" "-headless" "-foreground" "-no-remote" "-profile" "C:\\Users\\mattw\\AppData\\Local\\Temp\\rust_mozprofile67sAHN"
*** You are running in headless mode.
1618890996735	Marionette	INFO	Marionette enabled
console.warn: SearchSettings: "get: No settings file exists, new profile?" (new Error("", "(unknown module)"))
1618890998215	Marionette	INFO	Listening on port 60380
1618890998411	Marionette	WARN	TLS certificate errors will be ignored for this session
JavaScript warning: https://www.att.com/public/48b742483no257c3b986e77e0c37c85, line 1: Failed to create WebGL context: WebGL creation failed: 
* Can't use WebGL in headless mode (https://bugzil.la/1375585).
1618891003899	Marionette	WARN	Ignoring event 'DOMContentLoaded' because document has an invalid readyState of 'complete'.
JavaScript warning: https://z.moatads.com/turner763610601596/moatad.js#moatClientLevel1=38921797&moatClientLevel2=2824528021&moatClientLevel3=5628531758&moatClientLevel4=138346568808&moatClientSlicer1=/8663477/CNN/homepage&moatClientSlicer2=52063237&zMoatTEAM=&zMoatPS=bnr_atf_01&zMoatWD=1&zMoatHT=1&zMoatPG=&zMoatST=&zMoatAPP=homepage&zMoatISAPP=&zMoatBUZ=&zMoatSOC=&zMoatMGV=&zMoatMMV=&zMoatMData=&zMoatMSafety=, line 273: Failed to create WebGL context: WebGL creation failed: 
* Can't use WebGL in headless mode (https://bugzil.la/1375585).
JavaScript warning: https://z.moatads.com/turner763610601596/moatad.js#moatClientLevel1=38921797&moatClientLevel2=2824528021&moatClientLevel3=5628531758&moatClientLevel4=138346568808&moatClientSlicer1=/8663477/CNN/homepage&moatClientSlicer2=52063237&zMoatTEAM=&zMoatPS=bnr_atf_01&zMoatWD=1&zMoatHT=1&zMoatPG=&zMoatST=&zMoatAPP=homepage&zMoatISAPP=&zMoatBUZ=&zMoatSOC=&zMoatMGV=&zMoatMMV=&zMoatMData=&zMoatMSafety=, line 273: Failed to create WebGL context: WebGL creation failed: 
* Can't use WebGL in headless mode (https://bugzil.la/1375585).
JavaScript warning: https://pagead2.googlesyndication.com/bg/04GNmuDwX4NjTp5JBnlTI2cBXBmJ_FOcmcCRO2VtSUE.js line 1 > eval line 5584 > eval line 1 > eval, line 1: Failed to create WebGL context: WebGL creation failed: 
* Can't use WebGL in headless mode (https://bugzil.la/1375585).
JavaScript error: , line 0: NS_ERROR_NOT_AVAILABLE
JavaScript warning: https://pagead2.googlesyndication.com/bg/04GNmuDwX4NjTp5JBnlTI2cBXBmJ_FOcmcCRO2VtSUE.js line 1 > eval line 4911 > eval line 1 > eval, line 1: Failed to create WebGL context: WebGL creation failed: 
* Can't use WebGL in headless mode (https://bugzil.la/1375585).
891236081	Marionette	INFO	Marionette enabled
console.warn: SearchSettings: "get: No settings file exists, new profile?" (new Error("", "(unknown module)"))
1618891237566	Marionette	INFO	Listening on port 60904
1618891237722	Marionette	WARN	TLS certificate errors will be ignored for this session
JavaScript warning: https://www.att.com/public/48b742483no257c3b986e77e0c37c85, line 1: Failed to create WebGL context: WebGL creation failed: 
* Can't use WebGL in headless mode (https://bugzil.la/1375585).
1618891243755	Marionette	WARN	Ignoring event 'DOMContentLoaded' because document has an invalid readyState of 'complete'.
JavaScript warning: https://z.moatads.com/turner763610601596/moatad.js#moatClientLevel1=47685637&moatClientLevel2=2246738598&moatClientLevel3=4579976287&moatClientLevel4=138226544269&moatClientSlicer1=/8663477/CNN/homepage&moatClientSlicer2=52063237&zMoatTEAM=&zMoatPS=bnr_atf_01&zMoatWD=970&zMoatHT=250&zMoatPG=&zMoatST=&zMoatAPP=homepage&zMoatISAPP=&zMoatBUZ=&zMoatSOC=&zMoatMGV=&zMoatMMV=&zMoatMData=&zMoatMSafety=, line 273: Failed to create WebGL context: WebGL creation failed: 
* Can't use WebGL in headless mode (https://bugzil.la/1375585).
JavaScript warning: https://z.moatads.com/turner763610601596/moatad.js#moatClientLevel1=47685637&moatClientLevel2=2246738598&moatClientLevel3=4579976287&moatClientLevel4=138226544269&moatClientSlicer1=/8663477/CNN/homepage&moatClientSlicer2=52063237&zMoatTEAM=&zMoatPS=bnr_atf_01&zMoatWD=970&zMoatHT=250&zMoatPG=&zMoatST=&zMoatAPP=homepage&zMoatISAPP=&zMoatBUZ=&zMoatSOC=&zMoatMGV=&zMoatMMV=&zMoatMData=&zMoatMSafety=, line 273: Failed to create WebGL context: WebGL creation failed: 
* Can't use WebGL in headless mode (https://bugzil.la/1375585).
JavaScript warning: https://www.cnn.com/ line 1 > injectedScript, line 1: Failed to create WebGL context: WebGL creation failed: 
* Can't use WebGL in headless mode (https://bugzil.la/1375585).
JavaScript warning: https://www.cnn.com/ line 1 > injectedScript, line 1: Failed to create WebGL context: WebGL creation failed: 
* Can't use WebGL in headless mode (https://bugzil.la/1375585).
JavaScript warning: https://pagead2.googlesyndication.com/bg/04GNmuDwX4NjTp5JBnlTI2cBXBmJ_FOcmcCRO2VtSUE.js line 1 > eval line 7544 > eval line 1 > eval, line 1: Failed to create WebGL context: WebGL creation failed: 
* Can't use WebGL in headless mode (https://bugzil.la/1375585).
JavaScript error: , line 0: NS_ERROR_NOT_AVAILABLE
JavaScript warning: https://pagead2.googlesyndication.com/bg/04GNmuDwX4NjTp5JBnlTI2cBXBmJ_FOcmcCRO2VtSUE.js line 1 > eval line 2012 > eval line 1 > eval, line 1: Failed to create WebGL context: WebGL creation failed: 
* Can't use WebGL in headless mode (https://bugzil.la/1375585).
891355450	Marionette	INFO	Marionette enabled
console.warn: SearchSettings: "get: No settings file exists, new profile?" (new Error("", "(unknown module)"))
1618891357241	Marionette	INFO	Listening on port 61338
1618891357639	Marionette	WARN	TLS certificate errors will be ignored for this session
1618891358322	Marionette	WARN	Ignoring event 'DOMContentLoaded' because document has an invalid readyState of 'complete'.
JavaScript error: , line 0: NS_ERROR_NOT_AVAILABLE
1:62116
1618892097103	mozrunner::runner	INFO	Running command: "C:\\Program Files\\Mozilla Firefox\\firefox.exe" "--marionette" "-headless" "-foreground" "-no-remote" "-profile" "C:\\Users\\mattw\\AppData\\Local\\Temp\\rust_mozprofilee4JTmD"
*** You are running in headless mode.
1618892097612	Marionette	INFO	Marionette enabled
console.warn: SearchSettings: "get: No settings file exists, new profile?" (new Error("", "(unknown module)"))
1618892099271	Marionette	INFO	Listening on port 62126
1618892099767	Marionette	WARN	TLS certificate errors will be ignored for this session
1618892100525	Marionette	WARN	Ignoring event 'DOMContentLoaded' because document has an invalid readyState of 'complete'.

###!!! [Parent][RunMessage] Error: Channel closing: too late to send/recv, messages will be lost

JavaScript error: , line 0: NS_ERROR_NOT_AVAILABLE
efox.exe" "--marionette" "-headless" "-foreground" "-no-remote" "-profile" "C:\\Users\\mattw\\AppData\\Local\\Temp\\rust_mozprofileXfpcTh"
*** You are running in headless mode.
1618892170008	Marionette	INFO	Marionette enabled
console.warn: SearchSettings: "get: No settings file exists, new profile?" (new Error("", "(unknown module)"))
1618892171816	Marionette	INFO	Listening on port 62268
1618892172244	Marionette	WARN	TLS certificate errors will be ignored for this session
1618892172960	Marionette	WARN	Ignoring event 'DOMContentLoaded' because document has an invalid readyState of 'complete'.

###!!! [Parent][RunMessage] Error: Channel closing: too late to send/recv, messages will be lost

JavaScript error: , line 0: NS_ERROR_NOT_AVAILABLE

###!!! [Parent][RunMessage] Error: Channel closing: too late to send/recv, messages will be lost

efox.exe" "--marionette" "-headless" "-foreground" "-no-remote" "-profile" "C:\\Users\\mattw\\AppData\\Local\\Temp\\rust_mozprofileIXhCv6"
*** You are running in headless mode.
1618892511096	Marionette	INFO	Marionette enabled
console.warn: SearchSettings: "get: No settings file exists, new profile?" (new Error("", "(unknown module)"))
1618892513162	Marionette	INFO	Listening on port 63032
1618892513542	Marionette	WARN	TLS certificate errors will be ignored for this session
1618892514266	Marionette	WARN	Ignoring event 'DOMContentLoaded' because document has an invalid readyState of 'complete'.

###!!! [Parent][RunMessage] Error: Channel closing: too late to send/recv, messages will be lost

